# JRE version: OpenJDK Runtime Environment Temurin-17.0.7+7 (17.0.7+7) (build 17.0.7+7)
# Java VM: OpenJDK 64-Bit Server VM Temurin-17.0.7+7 (17.0.7+7, mixed mode, emulated-client, tiered, compressed oops, compressed class ptrs, g1 gc, windows-amd64)
GC Precious Log:
 CPUs: 4 total, 4 available
 Memory: 12186M
 Large Page Support: Disabled
 NUMA Support: Disabled
 Compressed Oops: Enabled (Zero based)
 Heap Region Size: 2M
 Heap Min Capacity: 8M
 Heap Initial Capacity: 192M
 Heap Max Capacity: 3048M
 Pre-touch: Disabled
 Parallel Workers: 4
 Concurrent Workers: 1
 Concurrent Refinement Workers: 4
 Periodic GC: Disabled
Heap:
 garbage-first heap   total 96256K, used 41467K [0x0000000741800000, 0x0000000800000000)
  region size 2048K, 8 young (16384K), 0 survivors (0K)
 Metaspace       used 77519K, committed 78208K, reserved 1179648K
  class space    used 10318K, committed 10624K, reserved 1048576K
GC Heap History (20 events):
Event: 6.403 GC heap before
{Heap before GC invocations=17 (full 0):
 garbage-first heap   total 122880K, used 58507K [0x0000000741800000, 0x0000000800000000)
  region size 2048K, 22 young (45056K), 4 survivors (8192K)
 Metaspace       used 59839K, committed 60288K, reserved 1114112K
  class space    used 7866K, committed 8128K, reserved 1048576K
}
Event: 6.410 GC heap after
{Heap after GC invocations=18 (full 0):
 garbage-first heap   total 122880K, used 24468K [0x0000000741800000, 0x0000000800000000)
  region size 2048K, 3 young (6144K), 3 survivors (6144K)
 Metaspace       used 59839K, committed 60288K, reserved 1114112K
  class space    used 7866K, committed 8128K, reserved 1048576K
}
Event: 7.041 GC heap before
{Heap before GC invocations=19 (full 0):
 garbage-first heap   total 102400K, used 79764K [0x0000000741800000, 0x0000000800000000)
  region size 2048K, 30 young (61440K), 3 survivors (6144K)
 Metaspace       used 63602K, committed 64064K, reserved 1114112K
  class space    used 8424K, committed 8640K, reserved 1048576K
}
Event: 7.050 GC heap after
{Heap after GC invocations=20 (full 0):
 garbage-first heap   total 102400K, used 27056K [0x0000000741800000, 0x0000000800000000)
  region size 2048K, 3 young (6144K), 3 survivors (6144K)
 Metaspace       used 63602K, committed 64064K, reserved 1114112K
  class space    used 8424K, committed 8640K, reserved 1048576K
}
Event: 7.477 GC heap before
{Heap before GC invocations=21 (full 0):
 garbage-first heap   total 102400K, used 80304K [0x0000000741800000, 0x0000000800000000)
  region size 2048K, 29 young (59392K), 3 survivors (6144K)
 Metaspace       used 65515K, committed 66048K, reserved 1114112K
  class space    used 8671K, committed 8960K, reserved 1048576K
}
Event: 7.485 GC heap after
{Heap after GC invocations=22 (full 0):
 garbage-first heap   total 102400K, used 29117K [0x0000000741800000, 0x0000000800000000)
  region size 2048K, 3 young (6144K), 3 survivors (6144K)
 Metaspace       used 65515K, committed 66048K, reserved 1114112K
  class space    used 8671K, committed 8960K, reserved 1048576K
}
Event: 7.900 GC heap before
{Heap before GC invocations=22 (full 0):
 garbage-first heap   total 102400K, used 80317K [0x0000000741800000, 0x0000000800000000)
  region size 2048K, 28 young (57344K), 3 survivors (6144K)
 Metaspace       used 67840K, committed 68352K, reserved 1114112K
  class space    used 9015K, committed 9280K, reserved 1048576K
}
Event: 7.909 GC heap after
{Heap after GC invocations=23 (full 0):
 garbage-first heap   total 102400K, used 30776K [0x0000000741800000, 0x0000000800000000)
  region size 2048K, 2 young (4096K), 2 survivors (4096K)
 Metaspace       used 67840K, committed 68352K, reserved 1114112K
  class space    used 9015K, committed 9280K, reserved 1048576K
}
Event: 10.318 GC heap before
{Heap before GC invocations=23 (full 0):
 garbage-first heap   total 102400K, used 79928K [0x0000000741800000, 0x0000000800000000)
  region size 2048K, 27 young (55296K), 2 survivors (4096K)
 Metaspace       used 71176K, committed 71808K, reserved 1114112K
  class space    used 9508K, committed 9856K, reserved 1048576K
}
Event: 10.326 GC heap after
{Heap after GC invocations=24 (full 0):
 garbage-first heap   total 102400K, used 33614K [0x0000000741800000, 0x0000000800000000)
  region size 2048K, 4 young (8192K), 4 survivors (8192K)
 Metaspace       used 71176K, committed 71808K, reserved 1114112K
  class space    used 9508K, committed 9856K, reserved 1048576K
}
Event: 13.607 GC heap before
{Heap before GC invocations=24 (full 0):
 garbage-first heap   total 102400K, used 78670K [0x0000000741800000, 0x0000000800000000)
  region size 2048K, 27 young (55296K), 4 survivors (8192K)
 Metaspace       used 75531K, committed 76096K, reserved 1179648K
  class space    used 10069K, committed 10368K, reserved 1048576K
}
Event: 13.621 GC heap after
{Heap after GC invocations=25 (full 0):
 garbage-first heap   total 102400K, used 36367K [0x0000000741800000, 0x0000000800000000)
  region size 2048K, 3 young (6144K), 3 survivors (6144K)
 Metaspace       used 75531K, committed 76096K, reserved 1179648K
  class space    used 10069K, committed 10368K, reserved 1048576K
}
Event: 18.757 GC heap before
{Heap before GC invocations=25 (full 0):
 garbage-first heap   total 102400K, used 79375K [0x0000000741800000, 0x0000000800000000)
  region size 2048K, 25 young (51200K), 3 survivors (6144K)
 Metaspace       used 77220K, committed 77824K, reserved 1179648K
  class space    used 10271K, committed 10560K, reserved 1048576K
}
Event: 18.765 GC heap after
{Heap after GC invocations=26 (full 0):
 garbage-first heap   total 102400K, used 38147K [0x0000000741800000, 0x0000000800000000)
  region size 2048K, 3 young (6144K), 3 survivors (6144K)
 Metaspace       used 77220K, committed 77824K, reserved 1179648K
  class space    used 10271K, committed 10560K, reserved 1048576K
}
Event: 48.867 GC heap before
{Heap before GC invocations=26 (full 0):
 garbage-first heap   total 102400K, used 79107K [0x0000000741800000, 0x0000000800000000)
  region size 2048K, 23 young (47104K), 3 survivors (6144K)
 Metaspace       used 77387K, committed 78016K, reserved 1179648K
  class space    used 10296K, committed 10560K, reserved 1048576K
}
Event: 48.872 GC heap after
{Heap after GC invocations=27 (full 0):
 garbage-first heap   total 102400K, used 38373K [0x0000000741800000, 0x0000000800000000)
  region size 2048K, 2 young (4096K), 2 survivors (4096K)
 Metaspace       used 77387K, committed 78016K, reserved 1179648K
  class space    used 10296K, committed 10560K, reserved 1048576K
}
Event: 132.974 GC heap before
{Heap before GC invocations=27 (full 0):
 garbage-first heap   total 102400K, used 81381K [0x0000000741800000, 0x0000000800000000)
  region size 2048K, 23 young (47104K), 2 survivors (4096K)
 Metaspace       used 77395K, committed 78080K, reserved 1179648K
  class space    used 10298K, committed 10624K, reserved 1048576K
}
Event: 132.978 GC heap after
{Heap after GC invocations=28 (full 0):
 garbage-first heap   total 102400K, used 38042K [0x0000000741800000, 0x0000000800000000)
  region size 2048K, 2 young (4096K), 2 survivors (4096K)
 Metaspace       used 77395K, committed 78080K, reserved 1179648K
  class space    used 10298K, committed 10624K, reserved 1048576K
}
Event: 215.870 GC heap before
{Heap before GC invocations=28 (full 0):
 garbage-first heap   total 102400K, used 74906K [0x0000000741800000, 0x0000000800000000)
  region size 2048K, 21 young (43008K), 2 survivors (4096K)
 Metaspace       used 77511K, committed 78144K, reserved 1179648K
  class space    used 10323K, committed 10624K, reserved 1048576K
}
Event: 215.956 GC heap after
{Heap after GC invocations=29 (full 1):
 garbage-first heap   total 96256K, used 27131K [0x0000000741800000, 0x0000000800000000)
  region size 2048K, 0 young (0K), 0 survivors (0K)
 Metaspace       used 77327K, committed 78144K, reserved 1179648K
  class space    used 10285K, committed 10624K, reserved 1048576K
}

